<?xml version="1.0" encoding="UTF-8"?>
<testng-results ignored="0" total="1" passed="1" failed="0" skipped="0">
  <reporter-output>
  </reporter-output>
  <suite started-at="2023-09-10T19:52:51 IST" name="Default suite" finished-at="2023-09-10T19:53:00 IST" duration-ms="8582">
    <groups>
    </groups>
    <test started-at="2023-09-10T19:52:51 IST" name="Default test" finished-at="2023-09-10T19:53:00 IST" duration-ms="8582">
      <class name="com.vyaparapp.pom.orderPlace">
        <test-method signature="orderPlaceItem()[pri:0, instance:com.vyaparapp.pom.orderPlace@4c12331b]" started-at="2023-09-10T19:52:52 IST" name="orderPlaceItem" finished-at="2023-09-10T19:53:00 IST" duration-ms="8521" status="PASS">
          <reporter-output>
          </reporter-output>
        </test-method> <!-- orderPlaceItem -->
      </class> <!-- com.vyaparapp.pom.orderPlace -->
    </test> <!-- Default test -->
  </suite> <!-- Default suite -->
</testng-results>
